1555684361487	mozrunner::runner	INFO	Running command: "/usr/bin/firefox" "-marionette" "--headless" "--disable-gpu" "-foreground" "-no-remote" "-profile" "/tmp/rust_mozprofile.Mwc2z7E1a0tZ"
*** You are running in headless mode.
1555684361990	addons.webextension.screenshots@mozilla.org	WARN	Loading extension 'screenshots@mozilla.org': Reading manifest: Invalid extension permission: mozillaAddons
1555684361991	addons.webextension.screenshots@mozilla.org	WARN	Loading extension 'screenshots@mozilla.org': Reading manifest: Invalid extension permission: resource://pdf.js/
1555684361991	addons.webextension.screenshots@mozilla.org	WARN	Loading extension 'screenshots@mozilla.org': Reading manifest: Invalid extension permission: about:reader*
1555684364021	Marionette	INFO	Listening on port 38702
1555684364097	Marionette	WARN	TLS certificate errors will be ignored for this session
JavaScript error: https://shop150536661.taobao.com/shop/view_shop.htm?spm=a211vu.server-web-home.category.d53.64f02d583cnC94&mytmenu=mdianpu&user_number_id=2291133898, line 430: ReferenceError: TB is not defined

(/usr/lib/firefox/firefox:20075): dconf-CRITICAL **: unable to create directory '/run/user/0/dconf': Permission denied.  dconf will not work properly.

(/usr/lib/firefox/firefox:20075): dconf-CRITICAL **: unable to create directory '/run/user/0/dconf': Permission denied.  dconf will not work properly.

(/usr/lib/firefox/firefox:20075): dconf-CRITICAL **: unable to create directory '/run/user/0/dconf': Permission denied.  dconf will not work properly.

(/usr/lib/firefox/firefox:20075): dconf-CRITICAL **: unable to create directory '/run/user/0/dconf': Permission denied.  dconf will not work properly.

(/usr/lib/firefox/firefox:20075): dconf-CRITICAL **: unable to create directory '/run/user/0/dconf': Permission denied.  dconf will not work properly.
JavaScript warning: https://g.alicdn.com/AWSC/WebUMID/1.71.7/um.js?d=19, line 2: Error: WebGL warning: getContext: Disallowing antialiased backbuffers due to blacklisting.
JavaScript warning: https://g.alicdn.com/AWSC/WebUMID/1.71.7/um.js?d=19, line 2: Error: WebGL warning: <SetDimensions>: Can't use WebGL in headless mode (https://bugzil.la/1375585).
JavaScript warning: https://g.alicdn.com/AWSC/WebUMID/1.71.7/um.js?d=19, line 2: Error: WebGL warning: <SetDimensions>: Failed to create WebGL context: WebGL creation failed: 
* Can't use WebGL in headless mode (https://bugzil.la/1375585).
JavaScript warning: https://g.alicdn.com/AWSC/WebUMID/1.71.7/um.js?d=19, line 2: Error: WebGL warning: getContext: Disallowing antialiased backbuffers due to blacklisting.
JavaScript warning: https://g.alicdn.com/AWSC/WebUMID/1.71.7/um.js?d=19, line 2: Error: WebGL warning: <SetDimensions>: Can't use WebGL in headless mode (https://bugzil.la/1375585).
JavaScript warning: https://g.alicdn.com/AWSC/WebUMID/1.71.7/um.js?d=19, line 2: Error: WebGL warning: <SetDimensions>: Failed to create WebGL context: WebGL creation failed: 
* Can't use WebGL in headless mode (https://bugzil.la/1375585).
JavaScript warning: https://g.alicdn.com/secdev/sufei_data/3.7.1/index.js, line 1: Error: WebGL warning: getContext: Disallowing antialiased backbuffers due to blacklisting.
JavaScript warning: https://g.alicdn.com/secdev/sufei_data/3.7.1/index.js, line 1: Error: WebGL warning: <SetDimensions>: Can't use WebGL in headless mode (https://bugzil.la/1375585).
JavaScript warning: https://g.alicdn.com/secdev/sufei_data/3.7.1/index.js, line 1: Error: WebGL warning: <SetDimensions>: Failed to create WebGL context: WebGL creation failed: 
* Can't use WebGL in headless mode (https://bugzil.la/1375585).

(/usr/lib/firefox/firefox:20075): dconf-CRITICAL **: unable to create directory '/run/user/0/dconf': Permission denied.  dconf will not work properly.

(/usr/lib/firefox/firefox:20075): dconf-CRITICAL **: unable to create directory '/run/user/0/dconf': Permission denied.  dconf will not work properly.

(/usr/lib/firefox/firefox:20075): dconf-CRITICAL **: unable to create directory '/run/user/0/dconf': Permission denied.  dconf will not work properly.

(/usr/lib/firefox/firefox:20075): dconf-CRITICAL **: unable to create directory '/run/user/0/dconf': Permission denied.  dconf will not work properly.

(/usr/lib/firefox/firefox:20075): dconf-CRITICAL **: unable to create directory '/run/user/0/dconf': Permission denied.  dconf will not work properly.

(/usr/lib/firefox/firefox:20075): dconf-CRITICAL **: unable to create directory '/run/user/0/dconf': Permission denied.  dconf will not work properly.
JavaScript warning: https://g.alicdn.com/secdev/nsv/1.0.60/ns_b_71_3_n.js, line 3: Error: WebGL warning: getContext: Disallowing antialiased backbuffers due to blacklisting.
JavaScript warning: https://g.alicdn.com/secdev/nsv/1.0.60/ns_b_71_3_n.js, line 3: Error: WebGL warning: <SetDimensions>: Can't use WebGL in headless mode (https://bugzil.la/1375585).
JavaScript warning: https://g.alicdn.com/secdev/nsv/1.0.60/ns_b_71_3_n.js, line 3: Error: WebGL warning: <SetDimensions>: Failed to create WebGL context: WebGL creation failed: 
* Can't use WebGL in headless mode (https://bugzil.la/1375585).
JavaScript warning: https://g.alicdn.com/secdev/sufei_data/3.7.1/index.js, line 1: Error: WebGL warning: getContext: Disallowing antialiased backbuffers due to blacklisting.
JavaScript warning: https://g.alicdn.com/secdev/sufei_data/3.7.1/index.js, line 1: Error: WebGL warning: <SetDimensions>: Can't use WebGL in headless mode (https://bugzil.la/1375585).
JavaScript warning: https://g.alicdn.com/secdev/sufei_data/3.7.1/index.js, line 1: Error: WebGL warning: <SetDimensions>: Failed to create WebGL context: WebGL creation failed: 
* Can't use WebGL in headless mode (https://bugzil.la/1375585).

(/usr/lib/firefox/firefox:20075): dconf-CRITICAL **: unable to create directory '/run/user/0/dconf': Permission denied.  dconf will not work properly.

(/usr/lib/firefox/firefox:20075): dconf-CRITICAL **: unable to create directory '/run/user/0/dconf': Permission denied.  dconf will not work properly.

(/usr/lib/firefox/firefox:20075): dconf-CRITICAL **: unable to create directory '/run/user/0/dconf': Permission denied.  dconf will not work properly.

(/usr/lib/firefox/firefox:20075): dconf-CRITICAL **: unable to create directory '/run/user/0/dconf': Permission denied.  dconf will not work properly.
JavaScript warning: https://g.alicdn.com/secdev/nsv/1.0.60/ns_b_71_3_n.js, line 3: Error: WebGL warning: getContext: Disallowing antialiased backbuffers due to blacklisting.
JavaScript warning: https://g.alicdn.com/secdev/nsv/1.0.60/ns_b_71_3_n.js, line 3: Error: WebGL warning: <SetDimensions>: Can't use WebGL in headless mode (https://bugzil.la/1375585).
JavaScript warning: https://g.alicdn.com/secdev/nsv/1.0.60/ns_b_71_3_n.js, line 3: Error: WebGL warning: <SetDimensions>: Failed to create WebGL context: WebGL creation failed: 
* Can't use WebGL in headless mode (https://bugzil.la/1375585).
console.error: BroadcastService: 
  receivedBroadcastMessage: handler for
  remote-settings/monitor_changes
  threw error:
  Message: Error: Polling for changes failed: NetworkError when attempting to fetch resource..
  Stack:
    remoteSettingsFunction/remoteSettings.pollChanges@resource://services-settings/remote-settings.js:190:13

1555684760506	mozrunner::runner	INFO	Running command: "/usr/bin/firefox" "-marionette" "--headless" "--disable-gpu" "-foreground" "-no-remote" "-profile" "/tmp/rust_mozprofile.Wt76GUryGWsc"
*** You are running in headless mode.
1555684761017	addons.webextension.screenshots@mozilla.org	WARN	Loading extension 'screenshots@mozilla.org': Reading manifest: Invalid extension permission: mozillaAddons
1555684761017	addons.webextension.screenshots@mozilla.org	WARN	Loading extension 'screenshots@mozilla.org': Reading manifest: Invalid extension permission: resource://pdf.js/
1555684761017	addons.webextension.screenshots@mozilla.org	WARN	Loading extension 'screenshots@mozilla.org': Reading manifest: Invalid extension permission: about:reader*
1555684765285	Marionette	INFO	Listening on port 45471
1555684765509	Marionette	WARN	TLS certificate errors will be ignored for this session
JavaScript error: https://shop150536661.taobao.com/shop/view_shop.htm?spm=a211vu.server-web-home.category.d53.64f02d583cnC94&mytmenu=mdianpu&user_number_id=2291133898, line 430: ReferenceError: TB is not defined
JavaScript warning: https://g.alicdn.com/AWSC/WebUMID/1.71.7/um.js?d=19, line 2: Error: WebGL warning: getContext: Disallowing antialiased backbuffers due to blacklisting.
JavaScript warning: https://g.alicdn.com/AWSC/WebUMID/1.71.7/um.js?d=19, line 2: Error: WebGL warning: <SetDimensions>: Can't use WebGL in headless mode (https://bugzil.la/1375585).
JavaScript warning: https://g.alicdn.com/AWSC/WebUMID/1.71.7/um.js?d=19, line 2: Error: WebGL warning: <SetDimensions>: Failed to create WebGL context: WebGL creation failed: 
* Can't use WebGL in headless mode (https://bugzil.la/1375585).
JavaScript warning: https://g.alicdn.com/AWSC/WebUMID/1.71.7/um.js?d=19, line 2: Error: WebGL warning: getContext: Disallowing antialiased backbuffers due to blacklisting.
JavaScript warning: https://g.alicdn.com/AWSC/WebUMID/1.71.7/um.js?d=19, line 2: Error: WebGL warning: <SetDimensions>: Can't use WebGL in headless mode (https://bugzil.la/1375585).
JavaScript warning: https://g.alicdn.com/AWSC/WebUMID/1.71.7/um.js?d=19, line 2: Error: WebGL warning: <SetDimensions>: Failed to create WebGL context: WebGL creation failed: 
* Can't use WebGL in headless mode (https://bugzil.la/1375585).
JavaScript warning: https://g.alicdn.com/secdev/sufei_data/3.7.1/index.js, line 1: Error: WebGL warning: getContext: Disallowing antialiased backbuffers due to blacklisting.
JavaScript warning: https://g.alicdn.com/secdev/sufei_data/3.7.1/index.js, line 1: Error: WebGL warning: <SetDimensions>: Can't use WebGL in headless mode (https://bugzil.la/1375585).
JavaScript warning: https://g.alicdn.com/secdev/sufei_data/3.7.1/index.js, line 1: Error: WebGL warning: <SetDimensions>: Failed to create WebGL context: WebGL creation failed: 
* Can't use WebGL in headless mode (https://bugzil.la/1375585).
JavaScript warning: https://g.alicdn.com/secdev/nsv/1.0.60/ns_b_71_3_n.js, line 3: Error: WebGL warning: getContext: Disallowing antialiased backbuffers due to blacklisting.
JavaScript warning: https://g.alicdn.com/secdev/nsv/1.0.60/ns_b_71_3_n.js, line 3: Error: WebGL warning: <SetDimensions>: Can't use WebGL in headless mode (https://bugzil.la/1375585).
JavaScript warning: https://g.alicdn.com/secdev/nsv/1.0.60/ns_b_71_3_n.js, line 3: Error: WebGL warning: <SetDimensions>: Failed to create WebGL context: WebGL creation failed: 
* Can't use WebGL in headless mode (https://bugzil.la/1375585).
JavaScript warning: https://g.alicdn.com/AWSC/WebUMID/1.71.7/um.js?d=19, line 2: Error: WebGL warning: getContext: Disallowing antialiased backbuffers due to blacklisting.
JavaScript warning: https://g.alicdn.com/AWSC/WebUMID/1.71.7/um.js?d=19, line 2: Error: WebGL warning: <SetDimensions>: Can't use WebGL in headless mode (https://bugzil.la/1375585).
JavaScript warning: https://g.alicdn.com/AWSC/WebUMID/1.71.7/um.js?d=19, line 2: Error: WebGL warning: <SetDimensions>: Failed to create WebGL context: WebGL creation failed: 
* Can't use WebGL in headless mode (https://bugzil.la/1375585).
JavaScript warning: https://g.alicdn.com/AWSC/WebUMID/1.71.7/um.js?d=19, line 2: Error: WebGL warning: getContext: Disallowing antialiased backbuffers due to blacklisting.
JavaScript warning: https://g.alicdn.com/AWSC/WebUMID/1.71.7/um.js?d=19, line 2: Error: WebGL warning: <SetDimensions>: Can't use WebGL in headless mode (https://bugzil.la/1375585).
JavaScript warning: https://g.alicdn.com/AWSC/WebUMID/1.71.7/um.js?d=19, line 2: Error: WebGL warning: <SetDimensions>: Failed to create WebGL context: WebGL creation failed: 
* Can't use WebGL in headless mode (https://bugzil.la/1375585).
JavaScript warning: https://g.alicdn.com/secdev/sufei_data/3.7.1/index.js, line 1: Error: WebGL warning: getContext: Disallowing antialiased backbuffers due to blacklisting.
JavaScript warning: https://g.alicdn.com/secdev/sufei_data/3.7.1/index.js, line 1: Error: WebGL warning: <SetDimensions>: Can't use WebGL in headless mode (https://bugzil.la/1375585).
JavaScript warning: https://g.alicdn.com/secdev/sufei_data/3.7.1/index.js, line 1: Error: WebGL warning: <SetDimensions>: Failed to create WebGL context: WebGL creation failed: 
* Can't use WebGL in headless mode (https://bugzil.la/1375585).
JavaScript warning: https://g.alicdn.com/secdev/nsv/1.0.60/ns_b_71_3_n.js, line 3: Error: WebGL warning: getContext: Disallowing antialiased backbuffers due to blacklisting.
JavaScript warning: https://g.alicdn.com/secdev/nsv/1.0.60/ns_b_71_3_n.js, line 3: Error: WebGL warning: <SetDimensions>: Can't use WebGL in headless mode (https://bugzil.la/1375585).
JavaScript warning: https://g.alicdn.com/secdev/nsv/1.0.60/ns_b_71_3_n.js, line 3: Error: WebGL warning: <SetDimensions>: Failed to create WebGL context: WebGL creation failed: 
* Can't use WebGL in headless mode (https://bugzil.la/1375585).
JavaScript warning: https://g.alicdn.com/AWSC/WebUMID/1.71.7/um.js?d=19, line 2: Error: WebGL warning: getContext: Disallowing antialiased backbuffers due to blacklisting.
JavaScript warning: https://g.alicdn.com/AWSC/WebUMID/1.71.7/um.js?d=19, line 2: Error: WebGL warning: <SetDimensions>: Can't use WebGL in headless mode (https://bugzil.la/1375585).
JavaScript warning: https://g.alicdn.com/AWSC/WebUMID/1.71.7/um.js?d=19, line 2: Error: WebGL warning: <SetDimensions>: Failed to create WebGL context: WebGL creation failed: 
* Can't use WebGL in headless mode (https://bugzil.la/1375585).
JavaScript warning: https://g.alicdn.com/AWSC/WebUMID/1.71.7/um.js?d=19, line 2: Error: WebGL warning: getContext: Disallowing antialiased backbuffers due to blacklisting.
JavaScript warning: https://g.alicdn.com/AWSC/WebUMID/1.71.7/um.js?d=19, line 2: Error: WebGL warning: <SetDimensions>: Can't use WebGL in headless mode (https://bugzil.la/1375585).
JavaScript warning: https://g.alicdn.com/AWSC/WebUMID/1.71.7/um.js?d=19, line 2: Error: WebGL warning: <SetDimensions>: Failed to create WebGL context: WebGL creation failed: 
* Can't use WebGL in headless mode (https://bugzil.la/1375585).
console.error: BroadcastService: 
  receivedBroadcastMessage: handler for
  remote-settings/monitor_changes
  threw error:
  Message: Error: Polling for changes failed: NetworkError when attempting to fetch resource..
  Stack:
    remoteSettingsFunction/remoteSettings.pollChanges@resource://services-settings/remote-settings.js:190:13

[Parent 20233, Gecko_IOThread] WARNING: pipe error (65): Connection reset by peer: file /build/firefox-i2nBcb/firefox-66.0.3+build1/ipc/chromium/src/chrome/common/ipc_channel_posix.cc, line 357

###!!! [Parent][MessageChannel] Error: (msgtype=0x1E0087,name=PBrowser::Msg_Destroy) Channel error: cannot send/recv


###!!! [Parent][MessageChannel] Error: (msgtype=0x1E0087,name=PBrowser::Msg_Destroy) Channel error: cannot send/recv


###!!! [Parent][MessageChannel] Error: (msgtype=0x350115,name=PContent::Msg_AsyncMessage) Channel error: cannot send/recv


###!!! [Parent][MessageChannel] Error: (msgtype=0x1E0087,name=PBrowser::Msg_Destroy) Channel error: cannot send/recv

A content process crashed and MOZ_CRASHREPORTER_SHUTDOWN is set, shutting down
[Parent 20233, Gecko_IOThread] WARNING: pipe error (64): Connection reset by peer: file /build/firefox-i2nBcb/firefox-66.0.3+build1/ipc/chromium/src/chrome/common/ipc_channel_posix.cc, line 357

###!!! [Parent][MessageChannel] Error: (msgtype=0x1E0087,name=PBrowser::Msg_Destroy) Channel error: cannot send/recv

A content process crashed and MOZ_CRASHREPORTER_SHUTDOWN is set, shutting down
1555685164694	Marionette	INFO	Stopped listening on port 45471
[Parent 20014, Gecko_IOThread] WARNING: pipe error (65): Connection reset by peer: file /build/firefox-i2nBcb/firefox-66.0.3+build1/ipc/chromium/src/chrome/common/ipc_channel_posix.cc, line 357

###!!! [Parent][MessageChannel] Error: (msgtype=0x1E0087,name=PBrowser::Msg_Destroy) Channel error: cannot send/recv


###!!! [Parent][MessageChannel] Error: (msgtype=0x1E0087,name=PBrowser::Msg_Destroy) Channel error: cannot send/recv


###!!! [Parent][MessageChannel] Error: (msgtype=0x1E0087,name=PBrowser::Msg_Destroy) Channel error: cannot send/recv


###!!! [Parent][MessageChannel] Error: (msgtype=0x350115,name=PContent::Msg_AsyncMessage) Channel error: cannot send/recv

A content process crashed and MOZ_CRASHREPORTER_SHUTDOWN is set, shutting down

###!!! [Parent][MessageChannel] Error: (msgtype=0x1E0087,name=PBrowser::Msg_Destroy) Channel error: cannot send/recv

A content process crashed and MOZ_CRASHREPORTER_SHUTDOWN is set, shutting down
1555685168653	Marionette	INFO	Stopped listening on port 38702
